# JRE version: OpenJDK Runtime Environment Corretto-11.0.24.8.1 (11.0.24+8) (build 11.0.24+8-LTS)
# Java VM: OpenJDK 64-Bit Server VM Corretto-11.0.24.8.1 (11.0.24+8-LTS, mixed mode, tiered, compressed oops, g1 gc, windows-amd64)
Heap:
 garbage-first heap   total 164864K, used 26154K [0x0000000081a00000, 0x0000000100000000)
  region size 1024K, 17 young (17408K), 9 survivors (9216K)
 Metaspace       used 44425K, capacity 45577K, committed 45872K, reserved 1089536K
  class space    used 5239K, capacity 5681K, committed 5760K, reserved 1048576K
GC Heap History (16 events):
Event: 0.972 GC heap before
{Heap before GC invocations=0 (full 0):
 garbage-first heap   total 131072K, used 13312K [0x0000000081a00000, 0x0000000100000000)
  region size 1024K, 14 young (14336K), 0 survivors (0K)
 Metaspace       used 10265K, capacity 10486K, committed 10752K, reserved 1058816K
  class space    used 892K, capacity 942K, committed 1024K, reserved 1048576K
}
Event: 0.979 GC heap after
{Heap after GC invocations=1 (full 0):
 garbage-first heap   total 131072K, used 6112K [0x0000000081a00000, 0x0000000100000000)
  region size 1024K, 2 young (2048K), 2 survivors (2048K)
 Metaspace       used 10265K, capacity 10486K, committed 10752K, reserved 1058816K
  class space    used 892K, capacity 942K, committed 1024K, reserved 1048576K
}
Event: 1.125 GC heap before
{Heap before GC invocations=1 (full 0):
 garbage-first heap   total 131072K, used 10208K [0x0000000081a00000, 0x0000000100000000)
  region size 1024K, 6 young (6144K), 2 survivors (2048K)
 Metaspace       used 11155K, capacity 11333K, committed 11648K, reserved 1060864K
  class space    used 1002K, capacity 1056K, committed 1152K, reserved 1048576K
}
Event: 1.128 GC heap after
{Heap after GC invocations=2 (full 0):
 garbage-first heap   total 131072K, used 6281K [0x0000000081a00000, 0x0000000100000000)
  region size 1024K, 1 young (1024K), 1 survivors (1024K)
 Metaspace       used 11155K, capacity 11333K, committed 11648K, reserved 1060864K
  class space    used 1002K, capacity 1056K, committed 1152K, reserved 1048576K
}
Event: 2.319 GC heap before
{Heap before GC invocations=2 (full 0):
 garbage-first heap   total 131072K, used 28809K [0x0000000081a00000, 0x0000000100000000)
  region size 1024K, 23 young (23552K), 1 survivors (1024K)
 Metaspace       used 15964K, capacity 16263K, committed 16384K, reserved 1064960K
  class space    used 1590K, capacity 1687K, committed 1792K, reserved 1048576K
}
Event: 2.360 GC heap after
{Heap after GC invocations=3 (full 0):
 garbage-first heap   total 131072K, used 7341K [0x0000000081a00000, 0x0000000100000000)
  region size 1024K, 2 young (2048K), 2 survivors (2048K)
 Metaspace       used 15964K, capacity 16263K, committed 16384K, reserved 1064960K
  class space    used 1590K, capacity 1687K, committed 1792K, reserved 1048576K
}
Event: 3.458 GC heap before
{Heap before GC invocations=3 (full 0):
 garbage-first heap   total 131072K, used 30893K [0x0000000081a00000, 0x0000000100000000)
  region size 1024K, 26 young (26624K), 2 survivors (2048K)
 Metaspace       used 20694K, capacity 21187K, committed 21296K, reserved 1069056K
  class space    used 2242K, capacity 2419K, committed 2432K, reserved 1048576K
}
Event: 3.465 GC heap after
{Heap after GC invocations=4 (full 0):
 garbage-first heap   total 131072K, used 8573K [0x0000000081a00000, 0x0000000100000000)
  region size 1024K, 3 young (3072K), 3 survivors (3072K)
 Metaspace       used 20694K, capacity 21187K, committed 21296K, reserved 1069056K
  class space    used 2242K, capacity 2419K, committed 2432K, reserved 1048576K
}
Event: 5.273 GC heap before
{Heap before GC invocations=5 (full 0):
 garbage-first heap   total 131072K, used 64893K [0x0000000081a00000, 0x0000000100000000)
  region size 1024K, 58 young (59392K), 3 survivors (3072K)
 Metaspace       used 28740K, capacity 29376K, committed 29616K, reserved 1075200K
  class space    used 3310K, capacity 3551K, committed 3584K, reserved 1048576K
}
Event: 5.281 GC heap after
{Heap after GC invocations=6 (full 0):
 garbage-first heap   total 131072K, used 10717K [0x0000000081a00000, 0x0000000100000000)
  region size 1024K, 5 young (5120K), 5 survivors (5120K)
 Metaspace       used 28740K, capacity 29376K, committed 29616K, reserved 1075200K
  class space    used 3310K, capacity 3551K, committed 3584K, reserved 1048576K
}
Event: 7.617 GC heap before
{Heap before GC invocations=6 (full 0):
 garbage-first heap   total 131072K, used 78301K [0x0000000081a00000, 0x0000000100000000)
  region size 1024K, 71 young (72704K), 5 survivors (5120K)
 Metaspace       used 31527K, capacity 32294K, committed 32560K, reserved 1077248K
  class space    used 3616K, capacity 3900K, committed 3968K, reserved 1048576K
}
Event: 7.628 GC heap after
{Heap after GC invocations=7 (full 0):
 garbage-first heap   total 131072K, used 13542K [0x0000000081a00000, 0x0000000100000000)
  region size 1024K, 8 young (8192K), 8 survivors (8192K)
 Metaspace       used 31527K, capacity 32294K, committed 32560K, reserved 1077248K
  class space    used 3616K, capacity 3900K, committed 3968K, reserved 1048576K
}
Event: 9.200 GC heap before
{Heap before GC invocations=7 (full 0):
 garbage-first heap   total 131072K, used 59622K [0x0000000081a00000, 0x0000000100000000)
  region size 1024K, 54 young (55296K), 8 survivors (8192K)
 Metaspace       used 34747K, capacity 35533K, committed 35632K, reserved 1081344K
  class space    used 4053K, capacity 4399K, committed 4480K, reserved 1048576K
}
Event: 9.223 GC heap after
{Heap after GC invocations=8 (full 0):
 garbage-first heap   total 131072K, used 15091K [0x0000000081a00000, 0x0000000100000000)
  region size 1024K, 7 young (7168K), 7 survivors (7168K)
 Metaspace       used 34747K, capacity 35533K, committed 35632K, reserved 1081344K
  class space    used 4053K, capacity 4399K, committed 4480K, reserved 1048576K
}
Event: 13.389 GC heap before
{Heap before GC invocations=9 (full 0):
 garbage-first heap   total 131072K, used 85747K [0x0000000081a00000, 0x0000000100000000)
  region size 1024K, 76 young (77824K), 7 survivors (7168K)
 Metaspace       used 44082K, capacity 45234K, committed 45488K, reserved 1089536K
  class space    used 5188K, capacity 5631K, committed 5632K, reserved 1048576K
}
Event: 13.406 GC heap after
{Heap after GC invocations=10 (full 0):
 garbage-first heap   total 164864K, used 18986K [0x0000000081a00000, 0x0000000100000000)
  region size 1024K, 9 young (9216K), 9 survivors (9216K)
 Metaspace       used 44082K, capacity 45234K, committed 45488K, reserved 1089536K
  class space    used 5188K, capacity 5631K, committed 5632K, reserved 1048576K
}

