# JRE version: OpenJDK Runtime Environment Corretto-11.0.24.8.1 (11.0.24+8) (build 11.0.24+8-LTS)
# Java VM: OpenJDK 64-Bit Server VM Corretto-11.0.24.8.1 (11.0.24+8-LTS, mixed mode, tiered, compressed oops, g1 gc, windows-amd64)
Heap:
 garbage-first heap   total 131072K, used 17464K [0x0000000081a00000, 0x0000000100000000)
  region size 1024K, 13 young (13312K), 5 survivors (5120K)
 Metaspace       used 28770K, capacity 29471K, committed 29696K, reserved 1075200K
  class space    used 3318K, capacity 3583K, committed 3584K, reserved 1048576K
GC Heap History (10 events):
Event: 2.273 GC heap before
{Heap before GC invocations=0 (full 0):
 garbage-first heap   total 131072K, used 13312K [0x0000000081a00000, 0x0000000100000000)
  region size 1024K, 14 young (14336K), 0 survivors (0K)
 Metaspace       used 10237K, capacity 10418K, committed 10752K, reserved 1058816K
  class space    used 891K, capacity 942K, committed 1024K, reserved 1048576K
}
Event: 2.284 GC heap after
{Heap after GC invocations=1 (full 0):
 garbage-first heap   total 131072K, used 6009K [0x0000000081a00000, 0x0000000100000000)
  region size 1024K, 2 young (2048K), 2 survivors (2048K)
 Metaspace       used 10237K, capacity 10418K, committed 10752K, reserved 1058816K
  class space    used 891K, capacity 942K, committed 1024K, reserved 1048576K
}
Event: 2.476 GC heap before
{Heap before GC invocations=1 (full 0):
 garbage-first heap   total 131072K, used 11129K [0x0000000081a00000, 0x0000000100000000)
  region size 1024K, 7 young (7168K), 2 survivors (2048K)
 Metaspace       used 11342K, capacity 11559K, committed 11648K, reserved 1060864K
  class space    used 1031K, capacity 1090K, committed 1152K, reserved 1048576K
}
Event: 2.479 GC heap after
{Heap after GC invocations=2 (full 0):
 garbage-first heap   total 131072K, used 6409K [0x0000000081a00000, 0x0000000100000000)
  region size 1024K, 1 young (1024K), 1 survivors (1024K)
 Metaspace       used 11342K, capacity 11559K, committed 11648K, reserved 1060864K
  class space    used 1031K, capacity 1090K, committed 1152K, reserved 1048576K
}
Event: 3.463 GC heap before
{Heap before GC invocations=2 (full 0):
 garbage-first heap   total 131072K, used 28937K [0x0000000081a00000, 0x0000000100000000)
  region size 1024K, 23 young (23552K), 1 survivors (1024K)
 Metaspace       used 16110K, capacity 16506K, committed 16640K, reserved 1064960K
  class space    used 1619K, capacity 1772K, committed 1792K, reserved 1048576K
}
Event: 3.506 GC heap after
{Heap after GC invocations=3 (full 0):
 garbage-first heap   total 131072K, used 7495K [0x0000000081a00000, 0x0000000100000000)
  region size 1024K, 2 young (2048K), 2 survivors (2048K)
 Metaspace       used 16110K, capacity 16506K, committed 16640K, reserved 1064960K
  class space    used 1619K, capacity 1772K, committed 1792K, reserved 1048576K
}
Event: 4.268 GC heap before
{Heap before GC invocations=3 (full 0):
 garbage-first heap   total 131072K, used 30023K [0x0000000081a00000, 0x0000000100000000)
  region size 1024K, 25 young (25600K), 2 survivors (2048K)
 Metaspace       used 20631K, capacity 21121K, committed 21296K, reserved 1069056K
  class space    used 2239K, capacity 2419K, committed 2432K, reserved 1048576K
}
Event: 4.274 GC heap after
{Heap after GC invocations=4 (full 0):
 garbage-first heap   total 131072K, used 8635K [0x0000000081a00000, 0x0000000100000000)
  region size 1024K, 3 young (3072K), 3 survivors (3072K)
 Metaspace       used 20631K, capacity 21121K, committed 21296K, reserved 1069056K
  class space    used 2239K, capacity 2419K, committed 2432K, reserved 1048576K
}
Event: 5.759 GC heap before
{Heap before GC invocations=5 (full 0):
 garbage-first heap   total 131072K, used 57787K [0x0000000081a00000, 0x0000000100000000)
  region size 1024K, 52 young (53248K), 3 survivors (3072K)
 Metaspace       used 28440K, capacity 29091K, committed 29184K, reserved 1075200K
  class space    used 3295K, capacity 3545K, committed 3584K, reserved 1048576K
}
Event: 5.765 GC heap after
{Heap after GC invocations=6 (full 0):
 garbage-first heap   total 131072K, used 10296K [0x0000000081a00000, 0x0000000100000000)
  region size 1024K, 5 young (5120K), 5 survivors (5120K)
 Metaspace       used 28440K, capacity 29091K, committed 29184K, reserved 1075200K
  class space    used 3295K, capacity 3545K, committed 3584K, reserved 1048576K
}

