# JRE version: OpenJDK Runtime Environment Corretto-11.0.24.8.1 (11.0.24+8) (build 11.0.24+8-LTS)
# Java VM: OpenJDK 64-Bit Server VM Corretto-11.0.24.8.1 (11.0.24+8-LTS, mixed mode, tiered, compressed oops, g1 gc, windows-amd64)
Heap:
 garbage-first heap   total 157696K, used 23584K [0x0000000081a00000, 0x0000000100000000)
  region size 1024K, 14 young (14336K), 9 survivors (9216K)
 Metaspace       used 44361K, capacity 45510K, committed 45616K, reserved 1089536K
  class space    used 5225K, capacity 5681K, committed 5760K, reserved 1048576K
GC Heap History (16 events):
Event: 1.373 GC heap before
{Heap before GC invocations=0 (full 0):
 garbage-first heap   total 131072K, used 13312K [0x0000000081a00000, 0x0000000100000000)
  region size 1024K, 14 young (14336K), 0 survivors (0K)
 Metaspace       used 10197K, capacity 10422K, committed 10752K, reserved 1058816K
  class space    used 884K, capacity 942K, committed 1024K, reserved 1048576K
}
Event: 1.393 GC heap after
{Heap after GC invocations=1 (full 0):
 garbage-first heap   total 131072K, used 6352K [0x0000000081a00000, 0x0000000100000000)
  region size 1024K, 2 young (2048K), 2 survivors (2048K)
 Metaspace       used 10197K, capacity 10422K, committed 10752K, reserved 1058816K
  class space    used 884K, capacity 942K, committed 1024K, reserved 1048576K
}
Event: 2.002 GC heap before
{Heap before GC invocations=1 (full 0):
 garbage-first heap   total 131072K, used 18640K [0x0000000081a00000, 0x0000000100000000)
  region size 1024K, 14 young (14336K), 2 survivors (2048K)
 Metaspace       used 12714K, capacity 13006K, committed 13184K, reserved 1060864K
  class space    used 1189K, capacity 1296K, committed 1408K, reserved 1048576K
}
Event: 2.025 GC heap after
{Heap after GC invocations=2 (full 0):
 garbage-first heap   total 131072K, used 7185K [0x0000000081a00000, 0x0000000100000000)
  region size 1024K, 1 young (1024K), 1 survivors (1024K)
 Metaspace       used 12714K, capacity 13006K, committed 13184K, reserved 1060864K
  class space    used 1189K, capacity 1296K, committed 1408K, reserved 1048576K
}
Event: 3.314 GC heap before
{Heap before GC invocations=2 (full 0):
 garbage-first heap   total 131072K, used 33809K [0x0000000081a00000, 0x0000000100000000)
  region size 1024K, 28 young (28672K), 1 survivors (1024K)
 Metaspace       used 18303K, capacity 18741K, committed 19072K, reserved 1067008K
  class space    used 1916K, capacity 2072K, committed 2176K, reserved 1048576K
}
Event: 3.323 GC heap after
{Heap after GC invocations=3 (full 0):
 garbage-first heap   total 131072K, used 8538K [0x0000000081a00000, 0x0000000100000000)
  region size 1024K, 3 young (3072K), 3 survivors (3072K)
 Metaspace       used 18303K, capacity 18741K, committed 19072K, reserved 1067008K
  class space    used 1916K, capacity 2072K, committed 2176K, reserved 1048576K
}
Event: 3.693 GC heap before
{Heap before GC invocations=3 (full 0):
 garbage-first heap   total 131072K, used 18778K [0x0000000081a00000, 0x0000000100000000)
  region size 1024K, 14 young (14336K), 3 survivors (3072K)
 Metaspace       used 20597K, capacity 21118K, committed 21296K, reserved 1069056K
  class space    used 2232K, capacity 2417K, committed 2432K, reserved 1048576K
}
Event: 3.700 GC heap after
{Heap after GC invocations=4 (full 0):
 garbage-first heap   total 131072K, used 9031K [0x0000000081a00000, 0x0000000100000000)
  region size 1024K, 3 young (3072K), 3 survivors (3072K)
 Metaspace       used 20597K, capacity 21118K, committed 21296K, reserved 1069056K
  class space    used 2232K, capacity 2417K, committed 2432K, reserved 1048576K
}
Event: 6.298 GC heap before
{Heap before GC invocations=5 (full 0):
 garbage-first heap   total 131072K, used 66375K [0x0000000081a00000, 0x0000000100000000)
  region size 1024K, 59 young (60416K), 3 survivors (3072K)
 Metaspace       used 28769K, capacity 29412K, committed 29616K, reserved 1075200K
  class space    used 3321K, capacity 3583K, committed 3584K, reserved 1048576K
}
Event: 6.307 GC heap after
{Heap after GC invocations=6 (full 0):
 garbage-first heap   total 131072K, used 11217K [0x0000000081a00000, 0x0000000100000000)
  region size 1024K, 5 young (5120K), 5 survivors (5120K)
 Metaspace       used 28769K, capacity 29412K, committed 29616K, reserved 1075200K
  class space    used 3321K, capacity 3583K, committed 3584K, reserved 1048576K
}
Event: 8.921 GC heap before
{Heap before GC invocations=6 (full 0):
 garbage-first heap   total 131072K, used 79825K [0x0000000081a00000, 0x0000000100000000)
  region size 1024K, 72 young (73728K), 5 survivors (5120K)
 Metaspace       used 31698K, capacity 32491K, committed 32560K, reserved 1077248K
  class space    used 3646K, capacity 3925K, committed 3968K, reserved 1048576K
}
Event: 8.934 GC heap after
{Heap after GC invocations=7 (full 0):
 garbage-first heap   total 131072K, used 14206K [0x0000000081a00000, 0x0000000100000000)
  region size 1024K, 8 young (8192K), 8 survivors (8192K)
 Metaspace       used 31698K, capacity 32491K, committed 32560K, reserved 1077248K
  class space    used 3646K, capacity 3925K, committed 3968K, reserved 1048576K
}
Event: 10.714 GC heap before
{Heap before GC invocations=7 (full 0):
 garbage-first heap   total 131072K, used 58238K [0x0000000081a00000, 0x0000000100000000)
  region size 1024K, 52 young (53248K), 8 survivors (8192K)
 Metaspace       used 34744K, capacity 35533K, committed 35632K, reserved 1081344K
  class space    used 4055K, capacity 4399K, committed 4480K, reserved 1048576K
}
Event: 10.743 GC heap after
{Heap after GC invocations=8 (full 0):
 garbage-first heap   total 131072K, used 15232K [0x0000000081a00000, 0x0000000100000000)
  region size 1024K, 7 young (7168K), 7 survivors (7168K)
 Metaspace       used 34744K, capacity 35533K, committed 35632K, reserved 1081344K
  class space    used 4055K, capacity 4399K, committed 4480K, reserved 1048576K
}
Event: 15.637 GC heap before
{Heap before GC invocations=9 (full 0):
 garbage-first heap   total 131072K, used 85888K [0x0000000081a00000, 0x0000000100000000)
  region size 1024K, 76 young (77824K), 7 survivors (7168K)
 Metaspace       used 44095K, capacity 45167K, committed 45232K, reserved 1089536K
  class space    used 5183K, capacity 5631K, committed 5632K, reserved 1048576K
}
Event: 15.659 GC heap after
{Heap after GC invocations=10 (full 0):
 garbage-first heap   total 157696K, used 19488K [0x0000000081a00000, 0x0000000100000000)
  region size 1024K, 9 young (9216K), 9 survivors (9216K)
 Metaspace       used 44095K, capacity 45167K, committed 45232K, reserved 1089536K
  class space    used 5183K, capacity 5631K, committed 5632K, reserved 1048576K
}

